This file contains any messages produced by compilers while
running configure, to aid debugging if configure makes a mistake.

It was created by insertOracle configure 1.0, which was
generated by GNU Autoconf 2.69.  Invocation command line was

  $ ./configure 

## --------- ##
## Platform. ##
## --------- ##

hostname = localhost.localdomain
uname -m = x86_64
uname -r = 3.10.0-514.el7.x86_64
uname -s = Linux
uname -v = #1 SMP Tue Nov 22 16:42:41 UTC 2016

/usr/bin/uname -p = x86_64
/bin/uname -X     = unknown

/bin/arch              = x86_64
/usr/bin/arch -k       = unknown
/usr/convex/getsysinfo = unknown
/usr/bin/hostinfo      = unknown
/bin/machine           = unknown
/usr/bin/oslevel       = unknown
/bin/universe          = unknown

PATH: /usr/sbin
PATH: /usr/local/bin
PATH: /usr/bin
PATH: /usr/local/sbin
PATH: /usr/sbin
PATH: /home/oracle/.local/bin
PATH: /home/oracle/bin
PATH: /ora01/app/oracle/product/11.2.0/db_1/bin


## ----------- ##
## Core tests. ##
## ----------- ##

configure:2291: checking for a BSD-compatible install
configure:2359: result: /usr/bin/install -c
configure:2370: checking whether build environment is sane
configure:2425: result: yes
configure:2576: checking for a thread-safe mkdir -p
configure:2615: result: /usr/bin/mkdir -p
configure:2622: checking for gawk
configure:2638: found /usr/bin/gawk
configure:2649: result: gawk
configure:2660: checking whether make sets $(MAKE)
configure:2682: result: yes
configure:2711: checking whether make supports nested variables
configure:2728: result: yes
configure:2876: checking for g++
configure:2892: found /usr/bin/g++
configure:2903: result: g++
configure:2930: checking for C++ compiler version
configure:2939: g++ --version >&5
g++ (GCC) 4.8.5 20150623 (Red Hat 4.8.5-16)
Copyright (C) 2015 Free Software Foundation, Inc.
This is free software; see the source for copying conditions.  There is NO
warranty; not even for MERCHANTABILITY or FITNESS FOR A PARTICULAR PURPOSE.

configure:2950: $? = 0
configure:2939: g++ -v >&5
Using built-in specs.
COLLECT_GCC=g++
COLLECT_LTO_WRAPPER=/usr/libexec/gcc/x86_64-redhat-linux/4.8.5/lto-wrapper
Target: x86_64-redhat-linux
Configured with: ../configure --prefix=/usr --mandir=/usr/share/man --infodir=/usr/share/info --with-bugurl=http://bugzilla.redhat.com/bugzilla --enable-bootstrap --enable-shared --enable-threads=posix --enable-checking=release --with-system-zlib --enable-__cxa_atexit --disable-libunwind-exceptions --enable-gnu-unique-object --enable-linker-build-id --with-linker-hash-style=gnu --enable-languages=c,c++,objc,obj-c++,java,fortran,ada,go,lto --enable-plugin --enable-initfini-array --disable-libgcj --with-isl=/builddir/build/BUILD/gcc-4.8.5-20150702/obj-x86_64-redhat-linux/isl-install --with-cloog=/builddir/build/BUILD/gcc-4.8.5-20150702/obj-x86_64-redhat-linux/cloog-install --enable-gnu-indirect-function --with-tune=generic --with-arch_32=x86-64 --build=x86_64-redhat-linux
Thread model: posix
gcc version 4.8.5 20150623 (Red Hat 4.8.5-16) (GCC) 
configure:2950: $? = 0
configure:2939: g++ -V >&5
g++: error: unrecognized command line option '-V'
g++: fatal error: no input files
compilation terminated.
configure:2950: $? = 4
configure:2939: g++ -qversion >&5
g++: error: unrecognized command line option '-qversion'
g++: fatal error: no input files
compilation terminated.
configure:2950: $? = 4
configure:2970: checking whether the C++ compiler works
configure:2992: g++    conftest.cpp  >&5
configure:2996: $? = 0
configure:3044: result: yes
configure:3047: checking for C++ compiler default output file name
configure:3049: result: a.out
configure:3055: checking for suffix of executables
configure:3062: g++ -o conftest    conftest.cpp  >&5
configure:3066: $? = 0
configure:3088: result: 
configure:3110: checking whether we are cross compiling
configure:3118: g++ -o conftest    conftest.cpp  >&5
configure:3122: $? = 0
configure:3129: ./conftest
configure:3133: $? = 0
configure:3148: result: no
configure:3153: checking for suffix of object files
configure:3175: g++ -c   conftest.cpp >&5
configure:3179: $? = 0
configure:3200: result: o
configure:3204: checking whether we are using the GNU C++ compiler
configure:3223: g++ -c   conftest.cpp >&5
configure:3223: $? = 0
configure:3232: result: yes
configure:3241: checking whether g++ accepts -g
configure:3261: g++ -c -g  conftest.cpp >&5
configure:3261: $? = 0
configure:3302: result: yes
configure:3336: checking for style of include used by make
configure:3364: result: GNU
configure:3390: checking dependency style of g++
configure:3501: result: gcc3
configure:3564: checking for gcc
configure:3580: found /usr/bin/gcc
configure:3591: result: gcc
configure:3820: checking for C compiler version
configure:3829: gcc --version >&5
gcc (GCC) 4.8.5 20150623 (Red Hat 4.8.5-16)
Copyright (C) 2015 Free Software Foundation, Inc.
This is free software; see the source for copying conditions.  There is NO
warranty; not even for MERCHANTABILITY or FITNESS FOR A PARTICULAR PURPOSE.

configure:3840: $? = 0
configure:3829: gcc -v >&5
Using built-in specs.
COLLECT_GCC=gcc
COLLECT_LTO_WRAPPER=/usr/libexec/gcc/x86_64-redhat-linux/4.8.5/lto-wrapper
Target: x86_64-redhat-linux
Configured with: ../configure --prefix=/usr --mandir=/usr/share/man --infodir=/usr/share/info --with-bugurl=http://bugzilla.redhat.com/bugzilla --enable-bootstrap --enable-shared --enable-threads=posix --enable-checking=release --with-system-zlib --enable-__cxa_atexit --disable-libunwind-exceptions --enable-gnu-unique-object --enable-linker-build-id --with-linker-hash-style=gnu --enable-languages=c,c++,objc,obj-c++,java,fortran,ada,go,lto --enable-plugin --enable-initfini-array --disable-libgcj --with-isl=/builddir/build/BUILD/gcc-4.8.5-20150702/obj-x86_64-redhat-linux/isl-install --with-cloog=/builddir/build/BUILD/gcc-4.8.5-20150702/obj-x86_64-redhat-linux/cloog-install --enable-gnu-indirect-function --with-tune=generic --with-arch_32=x86-64 --build=x86_64-redhat-linux
Thread model: posix
gcc version 4.8.5 20150623 (Red Hat 4.8.5-16) (GCC) 
configure:3840: $? = 0
configure:3829: gcc -V >&5
gcc: error: unrecognized command line option '-V'
gcc: fatal error: no input files
compilation terminated.
configure:3840: $? = 4
configure:3829: gcc -qversion >&5
gcc: error: unrecognized command line option '-qversion'
gcc: fatal error: no input files
compilation terminated.
configure:3840: $? = 4
configure:3844: checking whether we are using the GNU C compiler
configure:3863: gcc -c   conftest.c >&5
configure:3863: $? = 0
configure:3872: result: yes
configure:3881: checking whether gcc accepts -g
configure:3901: gcc -c -g  conftest.c >&5
configure:3901: $? = 0
configure:3942: result: yes
configure:3959: checking for gcc option to accept ISO C89
configure:4022: gcc  -c -g -O2  conftest.c >&5
configure:4022: $? = 0
configure:4035: result: none needed
configure:4057: checking dependency style of gcc
configure:4168: result: gcc3
configure:4193: checking how to run the C preprocessor
configure:4224: gcc -E  conftest.c
configure:4224: $? = 0
configure:4238: gcc -E  conftest.c
conftest.c:11:28: fatal error: ac_nonexistent.h: No such file or directory
 #include <ac_nonexistent.h>
                            ^
compilation terminated.
configure:4238: $? = 1
configure: failed program was:
| /* confdefs.h */
| #define PACKAGE_NAME "insertOracle"
| #define PACKAGE_TARNAME "insertoracle"
| #define PACKAGE_VERSION "1.0"
| #define PACKAGE_STRING "insertOracle 1.0"
| #define PACKAGE_BUGREPORT "songxiaoyuan@tiantan.com"
| #define PACKAGE_URL ""
| #define PACKAGE "insertOracle"
| #define VERSION "1.0"
| /* end confdefs.h.  */
| #include <ac_nonexistent.h>
configure:4263: result: gcc -E
configure:4283: gcc -E  conftest.c
configure:4283: $? = 0
configure:4297: gcc -E  conftest.c
conftest.c:11:28: fatal error: ac_nonexistent.h: No such file or directory
 #include <ac_nonexistent.h>
                            ^
compilation terminated.
configure:4297: $? = 1
configure: failed program was:
| /* confdefs.h */
| #define PACKAGE_NAME "insertOracle"
| #define PACKAGE_TARNAME "insertoracle"
| #define PACKAGE_VERSION "1.0"
| #define PACKAGE_STRING "insertOracle 1.0"
| #define PACKAGE_BUGREPORT "songxiaoyuan@tiantan.com"
| #define PACKAGE_URL ""
| #define PACKAGE "insertOracle"
| #define VERSION "1.0"
| /* end confdefs.h.  */
| #include <ac_nonexistent.h>
configure:4326: checking for grep that handles long lines and -e
configure:4384: result: /usr/bin/grep
configure:4389: checking for egrep
configure:4451: result: /usr/bin/grep -E
configure:4456: checking for ANSI C header files
configure:4476: gcc -c -g -O2  conftest.c >&5
configure:4476: $? = 0
configure:4549: gcc -o conftest -g -O2   conftest.c  >&5
configure:4549: $? = 0
configure:4549: ./conftest
configure:4549: $? = 0
configure:4560: result: yes
configure:4573: checking for sys/types.h
configure:4573: gcc -c -g -O2  conftest.c >&5
configure:4573: $? = 0
configure:4573: result: yes
configure:4573: checking for sys/stat.h
configure:4573: gcc -c -g -O2  conftest.c >&5
configure:4573: $? = 0
configure:4573: result: yes
configure:4573: checking for stdlib.h
configure:4573: gcc -c -g -O2  conftest.c >&5
configure:4573: $? = 0
configure:4573: result: yes
configure:4573: checking for string.h
configure:4573: gcc -c -g -O2  conftest.c >&5
configure:4573: $? = 0
configure:4573: result: yes
configure:4573: checking for memory.h
configure:4573: gcc -c -g -O2  conftest.c >&5
configure:4573: $? = 0
configure:4573: result: yes
configure:4573: checking for strings.h
configure:4573: gcc -c -g -O2  conftest.c >&5
configure:4573: $? = 0
configure:4573: result: yes
configure:4573: checking for inttypes.h
configure:4573: gcc -c -g -O2  conftest.c >&5
configure:4573: $? = 0
configure:4573: result: yes
configure:4573: checking for stdint.h
configure:4573: gcc -c -g -O2  conftest.c >&5
configure:4573: $? = 0
configure:4573: result: yes
configure:4573: checking for unistd.h
configure:4573: gcc -c -g -O2  conftest.c >&5
configure:4573: $? = 0
configure:4573: result: yes
configure:4588: checking float.h usability
configure:4588: gcc -c -g -O2  conftest.c >&5
configure:4588: $? = 0
configure:4588: result: yes
configure:4588: checking float.h presence
configure:4588: gcc -E  conftest.c
configure:4588: $? = 0
configure:4588: result: yes
configure:4588: checking for float.h
configure:4588: result: yes
configure:4588: checking for stdlib.h
configure:4588: result: yes
configure:4588: checking for string.h
configure:4588: result: yes
configure:4588: checking for unistd.h
configure:4588: result: yes
configure:4600: checking for stdbool.h that conforms to C99
configure:4667: gcc -c -g -O2  conftest.c >&5
configure:4667: $? = 0
configure:4674: result: yes
configure:4676: checking for _Bool
configure:4676: gcc -c -g -O2  conftest.c >&5
configure:4676: $? = 0
configure:4676: gcc -c -g -O2  conftest.c >&5
conftest.c: In function 'main':
conftest.c:61:20: error: expected expression before ')' token
 if (sizeof ((_Bool)))
                    ^
configure:4676: $? = 1
configure: failed program was:
| /* confdefs.h */
| #define PACKAGE_NAME "insertOracle"
| #define PACKAGE_TARNAME "insertoracle"
| #define PACKAGE_VERSION "1.0"
| #define PACKAGE_STRING "insertOracle 1.0"
| #define PACKAGE_BUGREPORT "songxiaoyuan@tiantan.com"
| #define PACKAGE_URL ""
| #define PACKAGE "insertOracle"
| #define VERSION "1.0"
| #define STDC_HEADERS 1
| #define HAVE_SYS_TYPES_H 1
| #define HAVE_SYS_STAT_H 1
| #define HAVE_STDLIB_H 1
| #define HAVE_STRING_H 1
| #define HAVE_MEMORY_H 1
| #define HAVE_STRINGS_H 1
| #define HAVE_INTTYPES_H 1
| #define HAVE_STDINT_H 1
| #define HAVE_UNISTD_H 1
| #define HAVE_FLOAT_H 1
| #define HAVE_STDLIB_H 1
| #define HAVE_STRING_H 1
| #define HAVE_UNISTD_H 1
| /* end confdefs.h.  */
| #include <stdio.h>
| #ifdef HAVE_SYS_TYPES_H
| # include <sys/types.h>
| #endif
| #ifdef HAVE_SYS_STAT_H
| # include <sys/stat.h>
| #endif
| #ifdef STDC_HEADERS
| # include <stdlib.h>
| # include <stddef.h>
| #else
| # ifdef HAVE_STDLIB_H
| #  include <stdlib.h>
| # endif
| #endif
| #ifdef HAVE_STRING_H
| # if !defined STDC_HEADERS && defined HAVE_MEMORY_H
| #  include <memory.h>
| # endif
| # include <string.h>
| #endif
| #ifdef HAVE_STRINGS_H
| # include <strings.h>
| #endif
| #ifdef HAVE_INTTYPES_H
| # include <inttypes.h>
| #endif
| #ifdef HAVE_STDINT_H
| # include <stdint.h>
| #endif
| #ifdef HAVE_UNISTD_H
| # include <unistd.h>
| #endif
| int
| main ()
| {
| if (sizeof ((_Bool)))
| 	    return 0;
|   ;
|   return 0;
| }
configure:4676: result: yes
configure:4687: checking for size_t
configure:4687: gcc -c -g -O2  conftest.c >&5
configure:4687: $? = 0
configure:4687: gcc -c -g -O2  conftest.c >&5
conftest.c: In function 'main':
conftest.c:62:21: error: expected expression before ')' token
 if (sizeof ((size_t)))
                     ^
configure:4687: $? = 1
configure: failed program was:
| /* confdefs.h */
| #define PACKAGE_NAME "insertOracle"
| #define PACKAGE_TARNAME "insertoracle"
| #define PACKAGE_VERSION "1.0"
| #define PACKAGE_STRING "insertOracle 1.0"
| #define PACKAGE_BUGREPORT "songxiaoyuan@tiantan.com"
| #define PACKAGE_URL ""
| #define PACKAGE "insertOracle"
| #define VERSION "1.0"
| #define STDC_HEADERS 1
| #define HAVE_SYS_TYPES_H 1
| #define HAVE_SYS_STAT_H 1
| #define HAVE_STDLIB_H 1
| #define HAVE_STRING_H 1
| #define HAVE_MEMORY_H 1
| #define HAVE_STRINGS_H 1
| #define HAVE_INTTYPES_H 1
| #define HAVE_STDINT_H 1
| #define HAVE_UNISTD_H 1
| #define HAVE_FLOAT_H 1
| #define HAVE_STDLIB_H 1
| #define HAVE_STRING_H 1
| #define HAVE_UNISTD_H 1
| #define HAVE__BOOL 1
| /* end confdefs.h.  */
| #include <stdio.h>
| #ifdef HAVE_SYS_TYPES_H
| # include <sys/types.h>
| #endif
| #ifdef HAVE_SYS_STAT_H
| # include <sys/stat.h>
| #endif
| #ifdef STDC_HEADERS
| # include <stdlib.h>
| # include <stddef.h>
| #else
| # ifdef HAVE_STDLIB_H
| #  include <stdlib.h>
| # endif
| #endif
| #ifdef HAVE_STRING_H
| # if !defined STDC_HEADERS && defined HAVE_MEMORY_H
| #  include <memory.h>
| # endif
| # include <string.h>
| #endif
| #ifdef HAVE_STRINGS_H
| # include <strings.h>
| #endif
| #ifdef HAVE_INTTYPES_H
| # include <inttypes.h>
| #endif
| #ifdef HAVE_STDINT_H
| # include <stdint.h>
| #endif
| #ifdef HAVE_UNISTD_H
| # include <unistd.h>
| #endif
| int
| main ()
| {
| if (sizeof ((size_t)))
| 	    return 0;
|   ;
|   return 0;
| }
configure:4687: result: yes
configure:4702: checking for memset
configure:4702: gcc -o conftest -g -O2   conftest.c  >&5
conftest.c:49:6: warning: conflicting types for built-in function 'memset' [enabled by default]
 char memset ();
      ^
configure:4702: $? = 0
configure:4702: result: yes
configure:4821: checking that generated files are newer than configure
configure:4827: result: done
configure:4854: creating ./config.status

## ---------------------- ##
## Running config.status. ##
## ---------------------- ##

This file was extended by insertOracle config.status 1.0, which was
generated by GNU Autoconf 2.69.  Invocation command line was

  CONFIG_FILES    = 
  CONFIG_HEADERS  = 
  CONFIG_LINKS    = 
  CONFIG_COMMANDS = 
  $ ./config.status 

on localhost.localdomain

config.status:696: creating config.h
config.status:786: config.h is unchanged
config.status:834: executing depfiles commands
configure:6015: checking that generated files are newer than configure
configure:6021: result: done
configure:6052: creating ./config.status

## ---------------------- ##
## Running config.status. ##
## ---------------------- ##

This file was extended by insertOracle config.status 1.0, which was
generated by GNU Autoconf 2.69.  Invocation command line was

  CONFIG_FILES    = 
  CONFIG_HEADERS  = 
  CONFIG_LINKS    = 
  CONFIG_COMMANDS = 
  $ ./config.status 

on localhost.localdomain

config.status:865: creating Makefile
config.status:865: creating src/Makefile
config.status:865: creating config.h
config.status:1046: config.h is unchanged
config.status:1094: executing depfiles commands

## ---------------- ##
## Cache variables. ##
## ---------------- ##

ac_cv_c_compiler_gnu=yes
ac_cv_cxx_compiler_gnu=yes
ac_cv_env_CCC_set=
ac_cv_env_CCC_value=
ac_cv_env_CC_set=
ac_cv_env_CC_value=
ac_cv_env_CFLAGS_set=
ac_cv_env_CFLAGS_value=
ac_cv_env_CPPFLAGS_set=
ac_cv_env_CPPFLAGS_value=
ac_cv_env_CPP_set=
ac_cv_env_CPP_value=
ac_cv_env_CXXFLAGS_set=
ac_cv_env_CXXFLAGS_value=
ac_cv_env_CXX_set=
ac_cv_env_CXX_value=
ac_cv_env_LDFLAGS_set=
ac_cv_env_LDFLAGS_value=
ac_cv_env_LIBS_set=
ac_cv_env_LIBS_value=
ac_cv_env_build_alias_set=
ac_cv_env_build_alias_value=
ac_cv_env_host_alias_set=
ac_cv_env_host_alias_value=
ac_cv_env_target_alias_set=
ac_cv_env_target_alias_value=
ac_cv_func_memset=yes
ac_cv_header_float_h=yes
ac_cv_header_inttypes_h=yes
ac_cv_header_memory_h=yes
ac_cv_header_stdbool_h=yes
ac_cv_header_stdc=yes
ac_cv_header_stdint_h=yes
ac_cv_header_stdlib_h=yes
ac_cv_header_string_h=yes
ac_cv_header_strings_h=yes
ac_cv_header_sys_stat_h=yes
ac_cv_header_sys_types_h=yes
ac_cv_header_unistd_h=yes
ac_cv_objext=o
ac_cv_path_EGREP='/usr/bin/grep -E'
ac_cv_path_GREP=/usr/bin/grep
ac_cv_path_install='/usr/bin/install -c'
ac_cv_path_mkdir=/usr/bin/mkdir
ac_cv_prog_AWK=gawk
ac_cv_prog_CPP='gcc -E'
ac_cv_prog_ac_ct_CC=gcc
ac_cv_prog_ac_ct_CXX=g++
ac_cv_prog_cc_c89=
ac_cv_prog_cc_g=yes
ac_cv_prog_cxx_g=yes
ac_cv_prog_make_make_set=yes
ac_cv_type__Bool=yes
ac_cv_type_size_t=yes
am_cv_CC_dependencies_compiler_type=gcc3
am_cv_CXX_dependencies_compiler_type=gcc3
am_cv_make_support_nested_variables=yes

## ----------------- ##
## Output variables. ##
## ----------------- ##

ACLOCAL='${SHELL} /home/tiantan/insertdatabase/missing aclocal-1.13'
AMDEPBACKSLASH='\'
AMDEP_FALSE='#'
AMDEP_TRUE=''
AMTAR='$${TAR-tar}'
AM_BACKSLASH='\'
AM_DEFAULT_V='$(AM_DEFAULT_VERBOSITY)'
AM_DEFAULT_VERBOSITY='1'
AM_V='$(V)'
AUTOCONF='${SHELL} /home/tiantan/insertdatabase/missing autoconf'
AUTOHEADER='${SHELL} /home/tiantan/insertdatabase/missing autoheader'
AUTOMAKE='${SHELL} /home/tiantan/insertdatabase/missing automake-1.13'
AWK='gawk'
CC='gcc'
CCDEPMODE='depmode=gcc3'
CFLAGS='-g -O2'
CPP='gcc -E'
CPPFLAGS=''
CXX='g++'
CXXDEPMODE='depmode=gcc3'
CXXFLAGS='-g -O2'
CYGPATH_W='echo'
DEFS='-DHAVE_CONFIG_H'
DEPDIR='.deps'
ECHO_C=''
ECHO_N='-n'
ECHO_T=''
EGREP='/usr/bin/grep -E'
EXEEXT=''
GREP='/usr/bin/grep'
INSTALL_DATA='${INSTALL} -m 644'
INSTALL_PROGRAM='${INSTALL}'
INSTALL_SCRIPT='${INSTALL}'
INSTALL_STRIP_PROGRAM='$(install_sh) -c -s'
LDFLAGS=''
LIBOBJS=''
LIBS=''
LTLIBOBJS=''
MAKEINFO='${SHELL} /home/tiantan/insertdatabase/missing makeinfo'
MKDIR_P='/usr/bin/mkdir -p'
OBJEXT='o'
PACKAGE='insertOracle'
PACKAGE_BUGREPORT='songxiaoyuan@tiantan.com'
PACKAGE_NAME='insertOracle'
PACKAGE_STRING='insertOracle 1.0'
PACKAGE_TARNAME='insertoracle'
PACKAGE_URL=''
PACKAGE_VERSION='1.0'
PATH_SEPARATOR=':'
SET_MAKE=''
SHELL='/bin/sh'
STRIP=''
VERSION='1.0'
ac_ct_CC='gcc'
ac_ct_CXX='g++'
am__EXEEXT_FALSE=''
am__EXEEXT_TRUE='#'
am__fastdepCC_FALSE='#'
am__fastdepCC_TRUE=''
am__fastdepCXX_FALSE='#'
am__fastdepCXX_TRUE=''
am__include='include'
am__isrc=''
am__leading_dot='.'
am__nodep='_no'
am__quote=''
am__tar='$${TAR-tar} chof - "$$tardir"'
am__untar='$${TAR-tar} xf -'
bindir='${exec_prefix}/bin'
build_alias=''
datadir='${datarootdir}'
datarootdir='${prefix}/share'
docdir='${datarootdir}/doc/${PACKAGE_TARNAME}'
dvidir='${docdir}'
exec_prefix='${prefix}'
host_alias=''
htmldir='${docdir}'
includedir='${prefix}/include'
infodir='${datarootdir}/info'
install_sh='${SHELL} /home/tiantan/insertdatabase/install-sh'
libdir='${exec_prefix}/lib'
libexecdir='${exec_prefix}/libexec'
localedir='${datarootdir}/locale'
localstatedir='${prefix}/var'
mandir='${datarootdir}/man'
mkdir_p='$(MKDIR_P)'
oldincludedir='/usr/include'
pdfdir='${docdir}'
prefix='/usr/local'
program_transform_name='s,x,x,'
psdir='${docdir}'
sbindir='${exec_prefix}/sbin'
sharedstatedir='${prefix}/com'
sysconfdir='${prefix}/etc'
target_alias=''

## ----------- ##
## confdefs.h. ##
## ----------- ##

/* confdefs.h */
#define PACKAGE_NAME "insertOracle"
#define PACKAGE_TARNAME "insertoracle"
#define PACKAGE_VERSION "1.0"
#define PACKAGE_STRING "insertOracle 1.0"
#define PACKAGE_BUGREPORT "songxiaoyuan@tiantan.com"
#define PACKAGE_URL ""
#define PACKAGE "insertOracle"
#define VERSION "1.0"
#define STDC_HEADERS 1
#define HAVE_SYS_TYPES_H 1
#define HAVE_SYS_STAT_H 1
#define HAVE_STDLIB_H 1
#define HAVE_STRING_H 1
#define HAVE_MEMORY_H 1
#define HAVE_STRINGS_H 1
#define HAVE_INTTYPES_H 1
#define HAVE_STDINT_H 1
#define HAVE_UNISTD_H 1
#define HAVE_FLOAT_H 1
#define HAVE_STDLIB_H 1
#define HAVE_STRING_H 1
#define HAVE_UNISTD_H 1
#define HAVE__BOOL 1
#define HAVE_MEMSET 1

configure: exit 0
